<?xml version="1.0" encoding="UTF-8"?>
<!-- Generated by org.testng.reporters.JUnitReportReporter -->
<testsuite skipped="0" hostname="DESKTOP-6K22R4L" name="scrollDemo.ScrollIntoView" tests="1" failures="0" timestamp="16 Mar 2020 16:50:00 GMT" time="18.114" errors="0">
  <testcase name="scrolling" time="18.114" classname="scrollDemo.ScrollIntoView"/>
</testsuite> <!-- scrollDemo.ScrollIntoView -->
