<?xml version="1.0" encoding="UTF-8"?>
<!-- Generated by org.testng.reporters.JUnitReportReporter -->
<testsuite skipped="0" hostname="DESKTOP-6K22R4L" name="dropDownDemo.BootstrapDropDown" tests="1" failures="0" timestamp="27 Mar 2020 14:19:13 GMT" time="14.700" errors="0">
  <testcase name="BootsrtapDropDowntest" time="14.700" classname="dropDownDemo.BootstrapDropDown"/>
</testsuite> <!-- dropDownDemo.BootstrapDropDown -->
