<?xml version="1.0" encoding="UTF-8"?>
<!-- Generated by org.testng.reporters.JUnitReportReporter -->
<testsuite skipped="0" hostname="DESKTOP-6K22R4L" name="mouseHover.MouseMovement" tests="1" failures="0" timestamp="22 Mar 2020 13:50:17 GMT" time="16.828" errors="0">
  <testcase name="mouseHover" time="16.828" classname="mouseHover.MouseMovement"/>
</testsuite> <!-- mouseHover.MouseMovement -->
