<?xml version="1.0" encoding="UTF-8"?>
<!-- Generated by org.testng.reporters.JUnitReportReporter -->
<testsuite skipped="0" hostname="DESKTOP-6K22R4L" name="mouseHover.MouseMovement2" tests="1" failures="0" timestamp="22 Mar 2020 14:34:28 GMT" time="25.626" errors="0">
  <testcase name="mouseHover" time="25.626" classname="mouseHover.MouseMovement2"/>
</testsuite> <!-- mouseHover.MouseMovement2 -->
