<?xml version="1.0" encoding="UTF-8"?>
<!-- Generated by org.testng.reporters.JUnitReportReporter -->
<testsuite skipped="0" hostname="DESKTOP-6K22R4L" name="mouseHover.DoubleClick" tests="1" failures="0" timestamp="28 Mar 2020 14:56:37 GMT" time="17.148" errors="0">
  <testcase name="doubleClick" time="17.148" classname="mouseHover.DoubleClick"/>
</testsuite> <!-- mouseHover.DoubleClick -->
