<?xml version="1.0" encoding="UTF-8"?>
<!-- Generated by org.testng.reporters.JUnitReportReporter -->
<testsuite skipped="0" hostname="DESKTOP-6K22R4L" name="mouseHover.DoubleClick" tests="1" failures="0" timestamp="04 Apr 2020 12:57:36 GMT" time="15.454" errors="0">
  <testcase name="doubleClick" time="15.454" classname="mouseHover.DoubleClick"/>
</testsuite> <!-- mouseHover.DoubleClick -->
