<?xml version="1.0" encoding="UTF-8"?>
<!-- Generated by org.testng.reporters.JUnitReportReporter -->
<testsuite skipped="0" hostname="DESKTOP-6K22R4L" name="screenshot.FacebookScreenshot" tests="1" failures="0" timestamp="16 Mar 2020 17:02:36 GMT" time="18.153" errors="0">
  <testcase name="captureScreenshot" time="18.153" classname="screenshot.FacebookScreenshot"/>
</testsuite> <!-- screenshot.FacebookScreenshot -->
