<?xml version="1.0" encoding="UTF-8"?>
<!-- Generated by org.testng.reporters.JUnitReportReporter -->
<testsuite skipped="0" hostname="DESKTOP-6K22R4L" name="dropDownDemo.MultiSelectDropDown" tests="1" failures="0" timestamp="27 Mar 2020 13:30:30 GMT" time="13.254" errors="0">
  <testcase name="selectDDValues" time="13.254" classname="dropDownDemo.MultiSelectDropDown"/>
</testsuite> <!-- dropDownDemo.MultiSelectDropDown -->
