<?xml version="1.0" encoding="UTF-8"?>
<!-- Generated by org.testng.reporters.JUnitReportReporter -->
<testsuite skipped="0" hostname="DESKTOP-6K22R4L" name="mouseHover.MouseMovement2" tests="1" failures="0" timestamp="04 Apr 2020 13:20:12 GMT" time="34.073" errors="0">
  <testcase name="mouseHover" time="34.073" classname="mouseHover.MouseMovement2"/>
</testsuite> <!-- mouseHover.MouseMovement2 -->
