<?xml version="1.0" encoding="UTF-8"?>
<!-- Generated by org.testng.reporters.JUnitReportReporter -->
<testsuite skipped="0" hostname="DESKTOP-6K22R4L" name="scrollDemo.ScrollPage" tests="1" failures="0" timestamp="16 Mar 2020 17:05:06 GMT" time="16.635" errors="0">
  <testcase name="setupBrowser" time="16.635" classname="scrollDemo.ScrollPage"/>
</testsuite> <!-- scrollDemo.ScrollPage -->
